0 info it worked if it ends with ok
1 verbose cli [ '/usr/local/Cellar/node/6.3.1/bin/node',
1 verbose cli   '/usr/local/bin/npm',
1 verbose cli   'completion',
1 verbose cli   '--' ]
2 info using npm@3.10.3
3 info using node@v6.3.1
4 verbose config Skipping project config: /Users/snehapradhan/.npmrc. (matches userconfig)
5 verbose stack TypeError: Cannot read property 'length' of undefined
5 verbose stack     at EventEmitter.completion (/usr/local/lib/node_modules/npm/lib/completion.js:80:22)
5 verbose stack     at Object.commandCache.(anonymous function) (/usr/local/lib/node_modules/npm/lib/npm.js:124:13)
5 verbose stack     at EventEmitter.<anonymous> (/usr/local/lib/node_modules/npm/bin/npm-cli.js:73:30)
5 verbose stack     at _combinedTickCallback (internal/process/next_tick.js:67:7)
5 verbose stack     at process._tickCallback (internal/process/next_tick.js:98:9)
6 verbose cwd /Users/snehapradhan/Documents/BU/BU_Fall_2016/EC 544/EC544Group9
7 error Darwin 15.0.0
8 error argv "/usr/local/Cellar/node/6.3.1/bin/node" "/usr/local/bin/npm" "completion" "--"
9 error node v6.3.1
10 error npm  v3.10.3
11 error Cannot read property 'length' of undefined
12 error If you need help, you may report this error at:
12 error     <https://github.com/npm/npm/issues>
13 verbose exit [ 1, true ]
